<component name="libraryTable">
  <library name="junit-4.12 (1)">
    <CLASSES>
      <root url="jar://$USER_HOME$/Downloads/junit-4.12 (1).jar!/" />
      <root url="jar://$USER_HOME$/Downloads/hamcrest-core-1.3.jar!/" />
      <root url="jar://$USER_HOME$/Downloads/mockito-all-2.0.2-beta.jar!/" />
    </CLASSES>
    <JAVADOC />
    <SOURCES>
      <root url="jar://$USER_HOME$/Downloads/mockito-all-2.0.2-beta.jar!/" />
    </SOURCES>
  </library>
</component>